ARM GAS  /var/folders/20/cstyxln53wn53rr40gj353bh0000gn/T//ccQY9mQD.s 			page 1


   1              		.cpu cortex-m3
   2              		.eabi_attribute 20, 1
   3              		.eabi_attribute 21, 1
   4              		.eabi_attribute 23, 3
   5              		.eabi_attribute 24, 1
   6              		.eabi_attribute 25, 1
   7              		.eabi_attribute 26, 1
   8              		.eabi_attribute 30, 2
   9              		.eabi_attribute 34, 1
  10              		.eabi_attribute 18, 4
  11              		.file	"stm32f1xx_hal_msp.c"
  12              		.text
  13              	.Ltext0:
  14              		.cfi_sections	.debug_frame
  15              		.section	.text.HAL_MspInit,"ax",%progbits
  16              		.align	1
  17              		.p2align 2,,3
  18              		.global	HAL_MspInit
  19              		.arch armv7-m
  20              		.syntax unified
  21              		.thumb
  22              		.thumb_func
  23              		.fpu softvfp
  25              	HAL_MspInit:
  26              	.LFB533:
  27              		.file 1 "Src/stm32f1xx_hal_msp.c"
   1:Src/stm32f1xx_hal_msp.c **** /* USER CODE BEGIN Header */
   2:Src/stm32f1xx_hal_msp.c **** /**
   3:Src/stm32f1xx_hal_msp.c ****   ******************************************************************************
   4:Src/stm32f1xx_hal_msp.c ****   * File Name          : stm32f1xx_hal_msp.c
   5:Src/stm32f1xx_hal_msp.c ****   * Description        : This file provides code for the MSP Initialization 
   6:Src/stm32f1xx_hal_msp.c ****   *                      and de-Initialization codes.
   7:Src/stm32f1xx_hal_msp.c ****   ******************************************************************************
   8:Src/stm32f1xx_hal_msp.c ****   * @attention
   9:Src/stm32f1xx_hal_msp.c ****   *
  10:Src/stm32f1xx_hal_msp.c ****   * <h2><center>&copy; Copyright (c) 2019 STMicroelectronics.
  11:Src/stm32f1xx_hal_msp.c ****   * All rights reserved.</center></h2>
  12:Src/stm32f1xx_hal_msp.c ****   *
  13:Src/stm32f1xx_hal_msp.c ****   * This software component is licensed by ST under BSD 3-Clause license,
  14:Src/stm32f1xx_hal_msp.c ****   * the "License"; You may not use this file except in compliance with the
  15:Src/stm32f1xx_hal_msp.c ****   * License. You may obtain a copy of the License at:
  16:Src/stm32f1xx_hal_msp.c ****   *                        opensource.org/licenses/BSD-3-Clause
  17:Src/stm32f1xx_hal_msp.c ****   *
  18:Src/stm32f1xx_hal_msp.c ****   ******************************************************************************
  19:Src/stm32f1xx_hal_msp.c ****   */
  20:Src/stm32f1xx_hal_msp.c **** /* USER CODE END Header */
  21:Src/stm32f1xx_hal_msp.c **** 
  22:Src/stm32f1xx_hal_msp.c **** /* Includes ------------------------------------------------------------------*/
  23:Src/stm32f1xx_hal_msp.c **** #include "main.h"
  24:Src/stm32f1xx_hal_msp.c **** /* USER CODE BEGIN Includes */
  25:Src/stm32f1xx_hal_msp.c **** 
  26:Src/stm32f1xx_hal_msp.c **** /* USER CODE END Includes */
  27:Src/stm32f1xx_hal_msp.c **** 
  28:Src/stm32f1xx_hal_msp.c **** /* Private typedef -----------------------------------------------------------*/
  29:Src/stm32f1xx_hal_msp.c **** /* USER CODE BEGIN TD */
  30:Src/stm32f1xx_hal_msp.c **** 
  31:Src/stm32f1xx_hal_msp.c **** /* USER CODE END TD */
ARM GAS  /var/folders/20/cstyxln53wn53rr40gj353bh0000gn/T//ccQY9mQD.s 			page 2


  32:Src/stm32f1xx_hal_msp.c **** 
  33:Src/stm32f1xx_hal_msp.c **** /* Private define ------------------------------------------------------------*/
  34:Src/stm32f1xx_hal_msp.c **** /* USER CODE BEGIN Define */
  35:Src/stm32f1xx_hal_msp.c ****  
  36:Src/stm32f1xx_hal_msp.c **** /* USER CODE END Define */
  37:Src/stm32f1xx_hal_msp.c **** 
  38:Src/stm32f1xx_hal_msp.c **** /* Private macro -------------------------------------------------------------*/
  39:Src/stm32f1xx_hal_msp.c **** /* USER CODE BEGIN Macro */
  40:Src/stm32f1xx_hal_msp.c **** 
  41:Src/stm32f1xx_hal_msp.c **** /* USER CODE END Macro */
  42:Src/stm32f1xx_hal_msp.c **** 
  43:Src/stm32f1xx_hal_msp.c **** /* Private variables ---------------------------------------------------------*/
  44:Src/stm32f1xx_hal_msp.c **** /* USER CODE BEGIN PV */
  45:Src/stm32f1xx_hal_msp.c **** 
  46:Src/stm32f1xx_hal_msp.c **** /* USER CODE END PV */
  47:Src/stm32f1xx_hal_msp.c **** 
  48:Src/stm32f1xx_hal_msp.c **** /* Private function prototypes -----------------------------------------------*/
  49:Src/stm32f1xx_hal_msp.c **** /* USER CODE BEGIN PFP */
  50:Src/stm32f1xx_hal_msp.c **** 
  51:Src/stm32f1xx_hal_msp.c **** /* USER CODE END PFP */
  52:Src/stm32f1xx_hal_msp.c **** 
  53:Src/stm32f1xx_hal_msp.c **** /* External functions --------------------------------------------------------*/
  54:Src/stm32f1xx_hal_msp.c **** /* USER CODE BEGIN ExternalFunctions */
  55:Src/stm32f1xx_hal_msp.c **** 
  56:Src/stm32f1xx_hal_msp.c **** /* USER CODE END ExternalFunctions */
  57:Src/stm32f1xx_hal_msp.c **** 
  58:Src/stm32f1xx_hal_msp.c **** /* USER CODE BEGIN 0 */
  59:Src/stm32f1xx_hal_msp.c **** 
  60:Src/stm32f1xx_hal_msp.c **** /* USER CODE END 0 */
  61:Src/stm32f1xx_hal_msp.c ****                         
  62:Src/stm32f1xx_hal_msp.c **** void HAL_TIM_MspPostInit(TIM_HandleTypeDef *htim);
  63:Src/stm32f1xx_hal_msp.c ****                     /**
  64:Src/stm32f1xx_hal_msp.c ****   * Initializes the Global MSP.
  65:Src/stm32f1xx_hal_msp.c ****   */
  66:Src/stm32f1xx_hal_msp.c **** void HAL_MspInit(void)
  67:Src/stm32f1xx_hal_msp.c **** {
  28              		.loc 1 67 1 view -0
  29              		.cfi_startproc
  30              		@ args = 0, pretend = 0, frame = 8
  31              		@ frame_needed = 0, uses_anonymous_args = 0
  32              		@ link register save eliminated.
  68:Src/stm32f1xx_hal_msp.c ****   /* USER CODE BEGIN MspInit 0 */
  69:Src/stm32f1xx_hal_msp.c **** 
  70:Src/stm32f1xx_hal_msp.c ****   /* USER CODE END MspInit 0 */
  71:Src/stm32f1xx_hal_msp.c **** 
  72:Src/stm32f1xx_hal_msp.c ****   __HAL_RCC_AFIO_CLK_ENABLE();
  33              		.loc 1 72 3 view .LVU1
  34              	.LBB2:
  35              		.loc 1 72 3 view .LVU2
  36              		.loc 1 72 3 view .LVU3
  37 0000 0E4B     		ldr	r3, .L4
  38              	.LBE2:
  67:Src/stm32f1xx_hal_msp.c ****   /* USER CODE BEGIN MspInit 0 */
  39              		.loc 1 67 1 is_stmt 0 view .LVU4
  40 0002 82B0     		sub	sp, sp, #8
  41              	.LCFI0:
  42              		.cfi_def_cfa_offset 8
ARM GAS  /var/folders/20/cstyxln53wn53rr40gj353bh0000gn/T//ccQY9mQD.s 			page 3


  43              	.LBB3:
  44              		.loc 1 72 3 view .LVU5
  45 0004 9A69     		ldr	r2, [r3, #24]
  46              	.LBE3:
  47              	.LBB4:
  73:Src/stm32f1xx_hal_msp.c ****   __HAL_RCC_PWR_CLK_ENABLE();
  74:Src/stm32f1xx_hal_msp.c **** 
  75:Src/stm32f1xx_hal_msp.c ****   /* System interrupt init*/
  76:Src/stm32f1xx_hal_msp.c **** 
  77:Src/stm32f1xx_hal_msp.c ****   /** NOJTAG: JTAG-DP Disabled and SW-DP Enabled 
  78:Src/stm32f1xx_hal_msp.c ****   */
  79:Src/stm32f1xx_hal_msp.c ****   __HAL_AFIO_REMAP_SWJ_NOJTAG();
  48              		.loc 1 79 3 view .LVU6
  49 0006 0E49     		ldr	r1, .L4+4
  50              	.LBE4:
  51              	.LBB5:
  72:Src/stm32f1xx_hal_msp.c ****   __HAL_RCC_PWR_CLK_ENABLE();
  52              		.loc 1 72 3 view .LVU7
  53 0008 42F00102 		orr	r2, r2, #1
  54 000c 9A61     		str	r2, [r3, #24]
  72:Src/stm32f1xx_hal_msp.c ****   __HAL_RCC_PWR_CLK_ENABLE();
  55              		.loc 1 72 3 is_stmt 1 view .LVU8
  56 000e 9A69     		ldr	r2, [r3, #24]
  57 0010 02F00102 		and	r2, r2, #1
  58 0014 0092     		str	r2, [sp]
  72:Src/stm32f1xx_hal_msp.c ****   __HAL_RCC_PWR_CLK_ENABLE();
  59              		.loc 1 72 3 view .LVU9
  60 0016 009A     		ldr	r2, [sp]
  61              	.LBE5:
  73:Src/stm32f1xx_hal_msp.c ****   __HAL_RCC_PWR_CLK_ENABLE();
  62              		.loc 1 73 3 view .LVU10
  63              	.LBB6:
  73:Src/stm32f1xx_hal_msp.c ****   __HAL_RCC_PWR_CLK_ENABLE();
  64              		.loc 1 73 3 view .LVU11
  73:Src/stm32f1xx_hal_msp.c ****   __HAL_RCC_PWR_CLK_ENABLE();
  65              		.loc 1 73 3 view .LVU12
  66 0018 DA69     		ldr	r2, [r3, #28]
  67 001a 42F08052 		orr	r2, r2, #268435456
  68 001e DA61     		str	r2, [r3, #28]
  73:Src/stm32f1xx_hal_msp.c ****   __HAL_RCC_PWR_CLK_ENABLE();
  69              		.loc 1 73 3 view .LVU13
  70 0020 DB69     		ldr	r3, [r3, #28]
  71 0022 03F08053 		and	r3, r3, #268435456
  72 0026 0193     		str	r3, [sp, #4]
  73:Src/stm32f1xx_hal_msp.c ****   __HAL_RCC_PWR_CLK_ENABLE();
  73              		.loc 1 73 3 view .LVU14
  74 0028 019B     		ldr	r3, [sp, #4]
  75              	.LBE6:
  76              		.loc 1 79 3 view .LVU15
  77              	.LBB7:
  78              		.loc 1 79 3 view .LVU16
  79 002a 4B68     		ldr	r3, [r1, #4]
  80              	.LVL0:
  81              		.loc 1 79 3 view .LVU17
  82 002c 23F0E063 		bic	r3, r3, #117440512
  83              	.LVL1:
  84              		.loc 1 79 3 view .LVU18
ARM GAS  /var/folders/20/cstyxln53wn53rr40gj353bh0000gn/T//ccQY9mQD.s 			page 4


  85 0030 43F00073 		orr	r3, r3, #33554432
  86              	.LVL2:
  87              		.loc 1 79 3 view .LVU19
  88 0034 4B60     		str	r3, [r1, #4]
  89              	.LBE7:
  80:Src/stm32f1xx_hal_msp.c **** 
  81:Src/stm32f1xx_hal_msp.c ****   /* USER CODE BEGIN MspInit 1 */
  82:Src/stm32f1xx_hal_msp.c **** 
  83:Src/stm32f1xx_hal_msp.c ****   /* USER CODE END MspInit 1 */
  84:Src/stm32f1xx_hal_msp.c **** }
  90              		.loc 1 84 1 is_stmt 0 view .LVU20
  91 0036 02B0     		add	sp, sp, #8
  92              	.LCFI1:
  93              		.cfi_def_cfa_offset 0
  94              		@ sp needed
  95 0038 7047     		bx	lr
  96              	.L5:
  97 003a 00BF     		.align	2
  98              	.L4:
  99 003c 00100240 		.word	1073876992
 100 0040 00000140 		.word	1073807360
 101              		.cfi_endproc
 102              	.LFE533:
 104              		.section	.text.HAL_I2C_MspInit,"ax",%progbits
 105              		.align	1
 106              		.p2align 2,,3
 107              		.global	HAL_I2C_MspInit
 108              		.syntax unified
 109              		.thumb
 110              		.thumb_func
 111              		.fpu softvfp
 113              	HAL_I2C_MspInit:
 114              	.LVL3:
 115              	.LFB534:
  85:Src/stm32f1xx_hal_msp.c **** 
  86:Src/stm32f1xx_hal_msp.c **** /**
  87:Src/stm32f1xx_hal_msp.c **** * @brief I2C MSP Initialization
  88:Src/stm32f1xx_hal_msp.c **** * This function configures the hardware resources used in this example
  89:Src/stm32f1xx_hal_msp.c **** * @param hi2c: I2C handle pointer
  90:Src/stm32f1xx_hal_msp.c **** * @retval None
  91:Src/stm32f1xx_hal_msp.c **** */
  92:Src/stm32f1xx_hal_msp.c **** void HAL_I2C_MspInit(I2C_HandleTypeDef* hi2c)
  93:Src/stm32f1xx_hal_msp.c **** {
 116              		.loc 1 93 1 is_stmt 1 view -0
 117              		.cfi_startproc
 118              		@ args = 0, pretend = 0, frame = 24
 119              		@ frame_needed = 0, uses_anonymous_args = 0
  94:Src/stm32f1xx_hal_msp.c ****   GPIO_InitTypeDef GPIO_InitStruct = {0};
 120              		.loc 1 94 3 view .LVU22
 121              		.loc 1 94 20 is_stmt 0 view .LVU23
 122 0000 0023     		movs	r3, #0
  93:Src/stm32f1xx_hal_msp.c ****   GPIO_InitTypeDef GPIO_InitStruct = {0};
 123              		.loc 1 93 1 view .LVU24
 124 0002 30B5     		push	{r4, r5, lr}
 125              	.LCFI2:
 126              		.cfi_def_cfa_offset 12
 127              		.cfi_offset 4, -12
ARM GAS  /var/folders/20/cstyxln53wn53rr40gj353bh0000gn/T//ccQY9mQD.s 			page 5


 128              		.cfi_offset 5, -8
 129              		.cfi_offset 14, -4
  95:Src/stm32f1xx_hal_msp.c ****   if(hi2c->Instance==I2C2)
 130              		.loc 1 95 5 view .LVU25
 131 0004 0168     		ldr	r1, [r0]
 132 0006 154A     		ldr	r2, .L10
  93:Src/stm32f1xx_hal_msp.c ****   GPIO_InitTypeDef GPIO_InitStruct = {0};
 133              		.loc 1 93 1 view .LVU26
 134 0008 87B0     		sub	sp, sp, #28
 135              	.LCFI3:
 136              		.cfi_def_cfa_offset 40
 137              		.loc 1 95 5 view .LVU27
 138 000a 9142     		cmp	r1, r2
  94:Src/stm32f1xx_hal_msp.c ****   GPIO_InitTypeDef GPIO_InitStruct = {0};
 139              		.loc 1 94 20 view .LVU28
 140 000c CDE90233 		strd	r3, r3, [sp, #8]
 141 0010 CDE90433 		strd	r3, r3, [sp, #16]
 142              		.loc 1 95 3 is_stmt 1 view .LVU29
 143              		.loc 1 95 5 is_stmt 0 view .LVU30
 144 0014 01D0     		beq	.L9
  96:Src/stm32f1xx_hal_msp.c ****   {
  97:Src/stm32f1xx_hal_msp.c ****   /* USER CODE BEGIN I2C2_MspInit 0 */
  98:Src/stm32f1xx_hal_msp.c **** 
  99:Src/stm32f1xx_hal_msp.c ****   /* USER CODE END I2C2_MspInit 0 */
 100:Src/stm32f1xx_hal_msp.c ****   
 101:Src/stm32f1xx_hal_msp.c ****     __HAL_RCC_GPIOB_CLK_ENABLE();
 102:Src/stm32f1xx_hal_msp.c ****     /**I2C2 GPIO Configuration    
 103:Src/stm32f1xx_hal_msp.c ****     PB10     ------> I2C2_SCL
 104:Src/stm32f1xx_hal_msp.c ****     PB11     ------> I2C2_SDA 
 105:Src/stm32f1xx_hal_msp.c ****     */
 106:Src/stm32f1xx_hal_msp.c ****     GPIO_InitStruct.Pin = I2C2_SCL_Pin|I2C2_SDA_Pin;
 107:Src/stm32f1xx_hal_msp.c ****     GPIO_InitStruct.Mode = GPIO_MODE_AF_OD;
 108:Src/stm32f1xx_hal_msp.c ****     GPIO_InitStruct.Speed = GPIO_SPEED_FREQ_HIGH;
 109:Src/stm32f1xx_hal_msp.c ****     HAL_GPIO_Init(GPIOB, &GPIO_InitStruct);
 110:Src/stm32f1xx_hal_msp.c **** 
 111:Src/stm32f1xx_hal_msp.c ****     /* Peripheral clock enable */
 112:Src/stm32f1xx_hal_msp.c ****     __HAL_RCC_I2C2_CLK_ENABLE();
 113:Src/stm32f1xx_hal_msp.c ****   /* USER CODE BEGIN I2C2_MspInit 1 */
 114:Src/stm32f1xx_hal_msp.c **** 
 115:Src/stm32f1xx_hal_msp.c ****   /* USER CODE END I2C2_MspInit 1 */
 116:Src/stm32f1xx_hal_msp.c ****   }
 117:Src/stm32f1xx_hal_msp.c **** 
 118:Src/stm32f1xx_hal_msp.c **** }
 145              		.loc 1 118 1 view .LVU31
 146 0016 07B0     		add	sp, sp, #28
 147              	.LCFI4:
 148              		.cfi_remember_state
 149              		.cfi_def_cfa_offset 12
 150              		@ sp needed
 151 0018 30BD     		pop	{r4, r5, pc}
 152              	.L9:
 153              	.LCFI5:
 154              		.cfi_restore_state
 101:Src/stm32f1xx_hal_msp.c ****     /**I2C2 GPIO Configuration    
 155              		.loc 1 101 5 is_stmt 1 view .LVU32
 156              	.LBB8:
 101:Src/stm32f1xx_hal_msp.c ****     /**I2C2 GPIO Configuration    
ARM GAS  /var/folders/20/cstyxln53wn53rr40gj353bh0000gn/T//ccQY9mQD.s 			page 6


 157              		.loc 1 101 5 view .LVU33
 101:Src/stm32f1xx_hal_msp.c ****     /**I2C2 GPIO Configuration    
 158              		.loc 1 101 5 view .LVU34
 159              	.LBE8:
 106:Src/stm32f1xx_hal_msp.c ****     GPIO_InitStruct.Mode = GPIO_MODE_AF_OD;
 160              		.loc 1 106 25 is_stmt 0 view .LVU35
 161 001a 4FF44060 		mov	r0, #3072
 162              	.LVL4:
 108:Src/stm32f1xx_hal_msp.c ****     HAL_GPIO_Init(GPIOB, &GPIO_InitStruct);
 163              		.loc 1 108 27 view .LVU36
 164 001e 0322     		movs	r2, #3
 107:Src/stm32f1xx_hal_msp.c ****     GPIO_InitStruct.Speed = GPIO_SPEED_FREQ_HIGH;
 165              		.loc 1 107 26 view .LVU37
 166 0020 1225     		movs	r5, #18
 167              	.LBB9:
 101:Src/stm32f1xx_hal_msp.c ****     /**I2C2 GPIO Configuration    
 168              		.loc 1 101 5 view .LVU38
 169 0022 0F4C     		ldr	r4, .L10+4
 170              	.LBE9:
 109:Src/stm32f1xx_hal_msp.c **** 
 171              		.loc 1 109 5 view .LVU39
 172 0024 02A9     		add	r1, sp, #8
 173              	.LBB10:
 101:Src/stm32f1xx_hal_msp.c ****     /**I2C2 GPIO Configuration    
 174              		.loc 1 101 5 view .LVU40
 175 0026 A369     		ldr	r3, [r4, #24]
 176 0028 43F00803 		orr	r3, r3, #8
 177 002c A361     		str	r3, [r4, #24]
 101:Src/stm32f1xx_hal_msp.c ****     /**I2C2 GPIO Configuration    
 178              		.loc 1 101 5 is_stmt 1 view .LVU41
 179 002e A369     		ldr	r3, [r4, #24]
 180              	.LBE10:
 106:Src/stm32f1xx_hal_msp.c ****     GPIO_InitStruct.Mode = GPIO_MODE_AF_OD;
 181              		.loc 1 106 25 is_stmt 0 view .LVU42
 182 0030 0290     		str	r0, [sp, #8]
 183              	.LBB11:
 101:Src/stm32f1xx_hal_msp.c ****     /**I2C2 GPIO Configuration    
 184              		.loc 1 101 5 view .LVU43
 185 0032 03F00803 		and	r3, r3, #8
 186 0036 0093     		str	r3, [sp]
 101:Src/stm32f1xx_hal_msp.c ****     /**I2C2 GPIO Configuration    
 187              		.loc 1 101 5 is_stmt 1 view .LVU44
 188              	.LBE11:
 109:Src/stm32f1xx_hal_msp.c **** 
 189              		.loc 1 109 5 is_stmt 0 view .LVU45
 190 0038 0A48     		ldr	r0, .L10+8
 191              	.LBB12:
 101:Src/stm32f1xx_hal_msp.c ****     /**I2C2 GPIO Configuration    
 192              		.loc 1 101 5 view .LVU46
 193 003a 009B     		ldr	r3, [sp]
 194              	.LBE12:
 106:Src/stm32f1xx_hal_msp.c ****     GPIO_InitStruct.Mode = GPIO_MODE_AF_OD;
 195              		.loc 1 106 5 is_stmt 1 view .LVU47
 107:Src/stm32f1xx_hal_msp.c ****     GPIO_InitStruct.Speed = GPIO_SPEED_FREQ_HIGH;
 196              		.loc 1 107 5 view .LVU48
 107:Src/stm32f1xx_hal_msp.c ****     GPIO_InitStruct.Speed = GPIO_SPEED_FREQ_HIGH;
 197              		.loc 1 107 26 is_stmt 0 view .LVU49
ARM GAS  /var/folders/20/cstyxln53wn53rr40gj353bh0000gn/T//ccQY9mQD.s 			page 7


 198 003c 0395     		str	r5, [sp, #12]
 108:Src/stm32f1xx_hal_msp.c ****     HAL_GPIO_Init(GPIOB, &GPIO_InitStruct);
 199              		.loc 1 108 5 is_stmt 1 view .LVU50
 108:Src/stm32f1xx_hal_msp.c ****     HAL_GPIO_Init(GPIOB, &GPIO_InitStruct);
 200              		.loc 1 108 27 is_stmt 0 view .LVU51
 201 003e 0592     		str	r2, [sp, #20]
 109:Src/stm32f1xx_hal_msp.c **** 
 202              		.loc 1 109 5 is_stmt 1 view .LVU52
 203 0040 FFF7FEFF 		bl	HAL_GPIO_Init
 204              	.LVL5:
 112:Src/stm32f1xx_hal_msp.c ****   /* USER CODE BEGIN I2C2_MspInit 1 */
 205              		.loc 1 112 5 view .LVU53
 206              	.LBB13:
 112:Src/stm32f1xx_hal_msp.c ****   /* USER CODE BEGIN I2C2_MspInit 1 */
 207              		.loc 1 112 5 view .LVU54
 112:Src/stm32f1xx_hal_msp.c ****   /* USER CODE BEGIN I2C2_MspInit 1 */
 208              		.loc 1 112 5 view .LVU55
 209 0044 E369     		ldr	r3, [r4, #28]
 210 0046 43F48003 		orr	r3, r3, #4194304
 211 004a E361     		str	r3, [r4, #28]
 112:Src/stm32f1xx_hal_msp.c ****   /* USER CODE BEGIN I2C2_MspInit 1 */
 212              		.loc 1 112 5 view .LVU56
 213 004c E369     		ldr	r3, [r4, #28]
 214 004e 03F48003 		and	r3, r3, #4194304
 215 0052 0193     		str	r3, [sp, #4]
 112:Src/stm32f1xx_hal_msp.c ****   /* USER CODE BEGIN I2C2_MspInit 1 */
 216              		.loc 1 112 5 view .LVU57
 217 0054 019B     		ldr	r3, [sp, #4]
 218              	.LBE13:
 219              		.loc 1 118 1 is_stmt 0 view .LVU58
 220 0056 07B0     		add	sp, sp, #28
 221              	.LCFI6:
 222              		.cfi_def_cfa_offset 12
 223              		@ sp needed
 224 0058 30BD     		pop	{r4, r5, pc}
 225              	.L11:
 226 005a 00BF     		.align	2
 227              	.L10:
 228 005c 00580040 		.word	1073764352
 229 0060 00100240 		.word	1073876992
 230 0064 000C0140 		.word	1073810432
 231              		.cfi_endproc
 232              	.LFE534:
 234              		.section	.text.HAL_I2C_MspDeInit,"ax",%progbits
 235              		.align	1
 236              		.p2align 2,,3
 237              		.global	HAL_I2C_MspDeInit
 238              		.syntax unified
 239              		.thumb
 240              		.thumb_func
 241              		.fpu softvfp
 243              	HAL_I2C_MspDeInit:
 244              	.LVL6:
 245              	.LFB535:
 119:Src/stm32f1xx_hal_msp.c **** 
 120:Src/stm32f1xx_hal_msp.c **** /**
 121:Src/stm32f1xx_hal_msp.c **** * @brief I2C MSP De-Initialization
ARM GAS  /var/folders/20/cstyxln53wn53rr40gj353bh0000gn/T//ccQY9mQD.s 			page 8


 122:Src/stm32f1xx_hal_msp.c **** * This function freeze the hardware resources used in this example
 123:Src/stm32f1xx_hal_msp.c **** * @param hi2c: I2C handle pointer
 124:Src/stm32f1xx_hal_msp.c **** * @retval None
 125:Src/stm32f1xx_hal_msp.c **** */
 126:Src/stm32f1xx_hal_msp.c **** void HAL_I2C_MspDeInit(I2C_HandleTypeDef* hi2c)
 127:Src/stm32f1xx_hal_msp.c **** {
 246              		.loc 1 127 1 is_stmt 1 view -0
 247              		.cfi_startproc
 248              		@ args = 0, pretend = 0, frame = 0
 249              		@ frame_needed = 0, uses_anonymous_args = 0
 250              		@ link register save eliminated.
 128:Src/stm32f1xx_hal_msp.c ****   if(hi2c->Instance==I2C2)
 251              		.loc 1 128 3 view .LVU60
 252              		.loc 1 128 5 is_stmt 0 view .LVU61
 253 0000 0268     		ldr	r2, [r0]
 254 0002 074B     		ldr	r3, .L15
 255 0004 9A42     		cmp	r2, r3
 256 0006 00D0     		beq	.L14
 129:Src/stm32f1xx_hal_msp.c ****   {
 130:Src/stm32f1xx_hal_msp.c ****   /* USER CODE BEGIN I2C2_MspDeInit 0 */
 131:Src/stm32f1xx_hal_msp.c **** 
 132:Src/stm32f1xx_hal_msp.c ****   /* USER CODE END I2C2_MspDeInit 0 */
 133:Src/stm32f1xx_hal_msp.c ****     /* Peripheral clock disable */
 134:Src/stm32f1xx_hal_msp.c ****     __HAL_RCC_I2C2_CLK_DISABLE();
 135:Src/stm32f1xx_hal_msp.c ****   
 136:Src/stm32f1xx_hal_msp.c ****     /**I2C2 GPIO Configuration    
 137:Src/stm32f1xx_hal_msp.c ****     PB10     ------> I2C2_SCL
 138:Src/stm32f1xx_hal_msp.c ****     PB11     ------> I2C2_SDA 
 139:Src/stm32f1xx_hal_msp.c ****     */
 140:Src/stm32f1xx_hal_msp.c ****     HAL_GPIO_DeInit(GPIOB, I2C2_SCL_Pin|I2C2_SDA_Pin);
 141:Src/stm32f1xx_hal_msp.c **** 
 142:Src/stm32f1xx_hal_msp.c ****   /* USER CODE BEGIN I2C2_MspDeInit 1 */
 143:Src/stm32f1xx_hal_msp.c **** 
 144:Src/stm32f1xx_hal_msp.c ****   /* USER CODE END I2C2_MspDeInit 1 */
 145:Src/stm32f1xx_hal_msp.c ****   }
 146:Src/stm32f1xx_hal_msp.c **** 
 147:Src/stm32f1xx_hal_msp.c **** }
 257              		.loc 1 147 1 view .LVU62
 258 0008 7047     		bx	lr
 259              	.L14:
 134:Src/stm32f1xx_hal_msp.c ****   
 260              		.loc 1 134 5 is_stmt 1 view .LVU63
 261 000a 064A     		ldr	r2, .L15+4
 140:Src/stm32f1xx_hal_msp.c **** 
 262              		.loc 1 140 5 is_stmt 0 view .LVU64
 263 000c 4FF44061 		mov	r1, #3072
 134:Src/stm32f1xx_hal_msp.c ****   
 264              		.loc 1 134 5 view .LVU65
 265 0010 D369     		ldr	r3, [r2, #28]
 140:Src/stm32f1xx_hal_msp.c **** 
 266              		.loc 1 140 5 view .LVU66
 267 0012 0548     		ldr	r0, .L15+8
 268              	.LVL7:
 134:Src/stm32f1xx_hal_msp.c ****   
 269              		.loc 1 134 5 view .LVU67
 270 0014 23F48003 		bic	r3, r3, #4194304
 271 0018 D361     		str	r3, [r2, #28]
ARM GAS  /var/folders/20/cstyxln53wn53rr40gj353bh0000gn/T//ccQY9mQD.s 			page 9


 140:Src/stm32f1xx_hal_msp.c **** 
 272              		.loc 1 140 5 is_stmt 1 view .LVU68
 273 001a FFF7FEBF 		b	HAL_GPIO_DeInit
 274              	.LVL8:
 275              	.L16:
 276 001e 00BF     		.align	2
 277              	.L15:
 278 0020 00580040 		.word	1073764352
 279 0024 00100240 		.word	1073876992
 280 0028 000C0140 		.word	1073810432
 281              		.cfi_endproc
 282              	.LFE535:
 284              		.section	.text.HAL_TIM_PWM_MspInit,"ax",%progbits
 285              		.align	1
 286              		.p2align 2,,3
 287              		.global	HAL_TIM_PWM_MspInit
 288              		.syntax unified
 289              		.thumb
 290              		.thumb_func
 291              		.fpu softvfp
 293              	HAL_TIM_PWM_MspInit:
 294              	.LVL9:
 295              	.LFB536:
 148:Src/stm32f1xx_hal_msp.c **** 
 149:Src/stm32f1xx_hal_msp.c **** /**
 150:Src/stm32f1xx_hal_msp.c **** * @brief TIM_PWM MSP Initialization
 151:Src/stm32f1xx_hal_msp.c **** * This function configures the hardware resources used in this example
 152:Src/stm32f1xx_hal_msp.c **** * @param htim_pwm: TIM_PWM handle pointer
 153:Src/stm32f1xx_hal_msp.c **** * @retval None
 154:Src/stm32f1xx_hal_msp.c **** */
 155:Src/stm32f1xx_hal_msp.c **** void HAL_TIM_PWM_MspInit(TIM_HandleTypeDef* htim_pwm)
 156:Src/stm32f1xx_hal_msp.c **** {
 296              		.loc 1 156 1 view -0
 297              		.cfi_startproc
 298              		@ args = 0, pretend = 0, frame = 8
 299              		@ frame_needed = 0, uses_anonymous_args = 0
 300              		@ link register save eliminated.
 157:Src/stm32f1xx_hal_msp.c ****   if(htim_pwm->Instance==TIM3)
 301              		.loc 1 157 3 view .LVU70
 302              		.loc 1 157 5 is_stmt 0 view .LVU71
 303 0000 0268     		ldr	r2, [r0]
 304 0002 094B     		ldr	r3, .L24
 305 0004 9A42     		cmp	r2, r3
 306 0006 00D0     		beq	.L23
 307 0008 7047     		bx	lr
 308              	.L23:
 158:Src/stm32f1xx_hal_msp.c ****   {
 159:Src/stm32f1xx_hal_msp.c ****   /* USER CODE BEGIN TIM3_MspInit 0 */
 160:Src/stm32f1xx_hal_msp.c **** 
 161:Src/stm32f1xx_hal_msp.c ****   /* USER CODE END TIM3_MspInit 0 */
 162:Src/stm32f1xx_hal_msp.c ****     /* Peripheral clock enable */
 163:Src/stm32f1xx_hal_msp.c ****     __HAL_RCC_TIM3_CLK_ENABLE();
 309              		.loc 1 163 5 is_stmt 1 view .LVU72
 310              	.LBB14:
 311              		.loc 1 163 5 view .LVU73
 312              		.loc 1 163 5 view .LVU74
 313 000a 03F50333 		add	r3, r3, #134144
ARM GAS  /var/folders/20/cstyxln53wn53rr40gj353bh0000gn/T//ccQY9mQD.s 			page 10


 314 000e DA69     		ldr	r2, [r3, #28]
 315              	.LBE14:
 156:Src/stm32f1xx_hal_msp.c ****   if(htim_pwm->Instance==TIM3)
 316              		.loc 1 156 1 is_stmt 0 view .LVU75
 317 0010 82B0     		sub	sp, sp, #8
 318              	.LCFI7:
 319              		.cfi_def_cfa_offset 8
 320              	.LBB15:
 321              		.loc 1 163 5 view .LVU76
 322 0012 42F00202 		orr	r2, r2, #2
 323 0016 DA61     		str	r2, [r3, #28]
 324              		.loc 1 163 5 is_stmt 1 view .LVU77
 325 0018 DB69     		ldr	r3, [r3, #28]
 326 001a 03F00203 		and	r3, r3, #2
 327 001e 0193     		str	r3, [sp, #4]
 328              		.loc 1 163 5 view .LVU78
 329 0020 019B     		ldr	r3, [sp, #4]
 330              	.LBE15:
 164:Src/stm32f1xx_hal_msp.c ****   /* USER CODE BEGIN TIM3_MspInit 1 */
 165:Src/stm32f1xx_hal_msp.c **** 
 166:Src/stm32f1xx_hal_msp.c ****   /* USER CODE END TIM3_MspInit 1 */
 167:Src/stm32f1xx_hal_msp.c ****   }
 168:Src/stm32f1xx_hal_msp.c **** 
 169:Src/stm32f1xx_hal_msp.c **** }
 331              		.loc 1 169 1 is_stmt 0 view .LVU79
 332 0022 02B0     		add	sp, sp, #8
 333              	.LCFI8:
 334              		.cfi_def_cfa_offset 0
 335              		@ sp needed
 336 0024 7047     		bx	lr
 337              	.L25:
 338 0026 00BF     		.align	2
 339              	.L24:
 340 0028 00040040 		.word	1073742848
 341              		.cfi_endproc
 342              	.LFE536:
 344              		.section	.text.HAL_TIM_Encoder_MspInit,"ax",%progbits
 345              		.align	1
 346              		.p2align 2,,3
 347              		.global	HAL_TIM_Encoder_MspInit
 348              		.syntax unified
 349              		.thumb
 350              		.thumb_func
 351              		.fpu softvfp
 353              	HAL_TIM_Encoder_MspInit:
 354              	.LVL10:
 355              	.LFB537:
 170:Src/stm32f1xx_hal_msp.c **** 
 171:Src/stm32f1xx_hal_msp.c **** /**
 172:Src/stm32f1xx_hal_msp.c **** * @brief TIM_Encoder MSP Initialization
 173:Src/stm32f1xx_hal_msp.c **** * This function configures the hardware resources used in this example
 174:Src/stm32f1xx_hal_msp.c **** * @param htim_encoder: TIM_Encoder handle pointer
 175:Src/stm32f1xx_hal_msp.c **** * @retval None
 176:Src/stm32f1xx_hal_msp.c **** */
 177:Src/stm32f1xx_hal_msp.c **** void HAL_TIM_Encoder_MspInit(TIM_HandleTypeDef* htim_encoder)
 178:Src/stm32f1xx_hal_msp.c **** {
 356              		.loc 1 178 1 is_stmt 1 view -0
ARM GAS  /var/folders/20/cstyxln53wn53rr40gj353bh0000gn/T//ccQY9mQD.s 			page 11


 357              		.cfi_startproc
 358              		@ args = 0, pretend = 0, frame = 24
 359              		@ frame_needed = 0, uses_anonymous_args = 0
 179:Src/stm32f1xx_hal_msp.c ****   GPIO_InitTypeDef GPIO_InitStruct = {0};
 360              		.loc 1 179 3 view .LVU81
 361              		.loc 1 179 20 is_stmt 0 view .LVU82
 362 0000 0023     		movs	r3, #0
 178:Src/stm32f1xx_hal_msp.c ****   GPIO_InitTypeDef GPIO_InitStruct = {0};
 363              		.loc 1 178 1 view .LVU83
 364 0002 30B5     		push	{r4, r5, lr}
 365              	.LCFI9:
 366              		.cfi_def_cfa_offset 12
 367              		.cfi_offset 4, -12
 368              		.cfi_offset 5, -8
 369              		.cfi_offset 14, -4
 180:Src/stm32f1xx_hal_msp.c ****   if(htim_encoder->Instance==TIM4)
 370              		.loc 1 180 5 view .LVU84
 371 0004 0168     		ldr	r1, [r0]
 372 0006 154A     		ldr	r2, .L30
 178:Src/stm32f1xx_hal_msp.c ****   GPIO_InitTypeDef GPIO_InitStruct = {0};
 373              		.loc 1 178 1 view .LVU85
 374 0008 87B0     		sub	sp, sp, #28
 375              	.LCFI10:
 376              		.cfi_def_cfa_offset 40
 377              		.loc 1 180 5 view .LVU86
 378 000a 9142     		cmp	r1, r2
 179:Src/stm32f1xx_hal_msp.c ****   GPIO_InitTypeDef GPIO_InitStruct = {0};
 379              		.loc 1 179 20 view .LVU87
 380 000c CDE90233 		strd	r3, r3, [sp, #8]
 381 0010 CDE90433 		strd	r3, r3, [sp, #16]
 382              		.loc 1 180 3 is_stmt 1 view .LVU88
 383              		.loc 1 180 5 is_stmt 0 view .LVU89
 384 0014 01D0     		beq	.L29
 181:Src/stm32f1xx_hal_msp.c ****   {
 182:Src/stm32f1xx_hal_msp.c ****   /* USER CODE BEGIN TIM4_MspInit 0 */
 183:Src/stm32f1xx_hal_msp.c **** 
 184:Src/stm32f1xx_hal_msp.c ****   /* USER CODE END TIM4_MspInit 0 */
 185:Src/stm32f1xx_hal_msp.c ****     /* Peripheral clock enable */
 186:Src/stm32f1xx_hal_msp.c ****     __HAL_RCC_TIM4_CLK_ENABLE();
 187:Src/stm32f1xx_hal_msp.c ****   
 188:Src/stm32f1xx_hal_msp.c ****     __HAL_RCC_GPIOB_CLK_ENABLE();
 189:Src/stm32f1xx_hal_msp.c ****     /**TIM4 GPIO Configuration    
 190:Src/stm32f1xx_hal_msp.c ****     PB6     ------> TIM4_CH1
 191:Src/stm32f1xx_hal_msp.c ****     PB7     ------> TIM4_CH2 
 192:Src/stm32f1xx_hal_msp.c ****     */
 193:Src/stm32f1xx_hal_msp.c ****     GPIO_InitStruct.Pin = ENC1_Pin|ENC2_Pin;
 194:Src/stm32f1xx_hal_msp.c ****     GPIO_InitStruct.Mode = GPIO_MODE_INPUT;
 195:Src/stm32f1xx_hal_msp.c ****     GPIO_InitStruct.Pull = GPIO_PULLUP;
 196:Src/stm32f1xx_hal_msp.c ****     HAL_GPIO_Init(GPIOB, &GPIO_InitStruct);
 197:Src/stm32f1xx_hal_msp.c **** 
 198:Src/stm32f1xx_hal_msp.c ****   /* USER CODE BEGIN TIM4_MspInit 1 */
 199:Src/stm32f1xx_hal_msp.c **** 
 200:Src/stm32f1xx_hal_msp.c ****   /* USER CODE END TIM4_MspInit 1 */
 201:Src/stm32f1xx_hal_msp.c ****   }
 202:Src/stm32f1xx_hal_msp.c **** 
 203:Src/stm32f1xx_hal_msp.c **** }
 385              		.loc 1 203 1 view .LVU90
ARM GAS  /var/folders/20/cstyxln53wn53rr40gj353bh0000gn/T//ccQY9mQD.s 			page 12


 386 0016 07B0     		add	sp, sp, #28
 387              	.LCFI11:
 388              		.cfi_remember_state
 389              		.cfi_def_cfa_offset 12
 390              		@ sp needed
 391 0018 30BD     		pop	{r4, r5, pc}
 392              	.L29:
 393              	.LCFI12:
 394              		.cfi_restore_state
 186:Src/stm32f1xx_hal_msp.c ****   
 395              		.loc 1 186 5 is_stmt 1 view .LVU91
 396              	.LBB16:
 186:Src/stm32f1xx_hal_msp.c ****   
 397              		.loc 1 186 5 view .LVU92
 186:Src/stm32f1xx_hal_msp.c ****   
 398              		.loc 1 186 5 view .LVU93
 399              	.LBE16:
 193:Src/stm32f1xx_hal_msp.c ****     GPIO_InitStruct.Mode = GPIO_MODE_INPUT;
 400              		.loc 1 193 25 is_stmt 0 view .LVU94
 401 001a C025     		movs	r5, #192
 195:Src/stm32f1xx_hal_msp.c ****     HAL_GPIO_Init(GPIOB, &GPIO_InitStruct);
 402              		.loc 1 195 26 view .LVU95
 403 001c 0124     		movs	r4, #1
 404              	.LBB17:
 186:Src/stm32f1xx_hal_msp.c ****   
 405              		.loc 1 186 5 view .LVU96
 406 001e 03F18043 		add	r3, r3, #1073741824
 407 0022 03F50433 		add	r3, r3, #135168
 408 0026 DA69     		ldr	r2, [r3, #28]
 409              	.LBE17:
 196:Src/stm32f1xx_hal_msp.c **** 
 410              		.loc 1 196 5 view .LVU97
 411 0028 02A9     		add	r1, sp, #8
 412              	.LBB18:
 186:Src/stm32f1xx_hal_msp.c ****   
 413              		.loc 1 186 5 view .LVU98
 414 002a 42F00402 		orr	r2, r2, #4
 415 002e DA61     		str	r2, [r3, #28]
 186:Src/stm32f1xx_hal_msp.c ****   
 416              		.loc 1 186 5 is_stmt 1 view .LVU99
 417 0030 DA69     		ldr	r2, [r3, #28]
 418              	.LBE18:
 196:Src/stm32f1xx_hal_msp.c **** 
 419              		.loc 1 196 5 is_stmt 0 view .LVU100
 420 0032 0B48     		ldr	r0, .L30+4
 421              	.LVL11:
 422              	.LBB19:
 186:Src/stm32f1xx_hal_msp.c ****   
 423              		.loc 1 186 5 view .LVU101
 424 0034 02F00402 		and	r2, r2, #4
 425 0038 0092     		str	r2, [sp]
 186:Src/stm32f1xx_hal_msp.c ****   
 426              		.loc 1 186 5 is_stmt 1 view .LVU102
 427 003a 009A     		ldr	r2, [sp]
 428              	.LBE19:
 188:Src/stm32f1xx_hal_msp.c ****     /**TIM4 GPIO Configuration    
 429              		.loc 1 188 5 view .LVU103
ARM GAS  /var/folders/20/cstyxln53wn53rr40gj353bh0000gn/T//ccQY9mQD.s 			page 13


 430              	.LBB20:
 188:Src/stm32f1xx_hal_msp.c ****     /**TIM4 GPIO Configuration    
 431              		.loc 1 188 5 view .LVU104
 188:Src/stm32f1xx_hal_msp.c ****     /**TIM4 GPIO Configuration    
 432              		.loc 1 188 5 view .LVU105
 433 003c 9A69     		ldr	r2, [r3, #24]
 434 003e 42F00802 		orr	r2, r2, #8
 435 0042 9A61     		str	r2, [r3, #24]
 188:Src/stm32f1xx_hal_msp.c ****     /**TIM4 GPIO Configuration    
 436              		.loc 1 188 5 view .LVU106
 437 0044 9B69     		ldr	r3, [r3, #24]
 438              	.LBE20:
 193:Src/stm32f1xx_hal_msp.c ****     GPIO_InitStruct.Mode = GPIO_MODE_INPUT;
 439              		.loc 1 193 25 is_stmt 0 view .LVU107
 440 0046 0295     		str	r5, [sp, #8]
 441              	.LBB21:
 188:Src/stm32f1xx_hal_msp.c ****     /**TIM4 GPIO Configuration    
 442              		.loc 1 188 5 view .LVU108
 443 0048 03F00803 		and	r3, r3, #8
 444 004c 0193     		str	r3, [sp, #4]
 188:Src/stm32f1xx_hal_msp.c ****     /**TIM4 GPIO Configuration    
 445              		.loc 1 188 5 is_stmt 1 view .LVU109
 446 004e 019B     		ldr	r3, [sp, #4]
 447              	.LBE21:
 193:Src/stm32f1xx_hal_msp.c ****     GPIO_InitStruct.Mode = GPIO_MODE_INPUT;
 448              		.loc 1 193 5 view .LVU110
 194:Src/stm32f1xx_hal_msp.c ****     GPIO_InitStruct.Pull = GPIO_PULLUP;
 449              		.loc 1 194 5 view .LVU111
 195:Src/stm32f1xx_hal_msp.c ****     HAL_GPIO_Init(GPIOB, &GPIO_InitStruct);
 450              		.loc 1 195 5 view .LVU112
 195:Src/stm32f1xx_hal_msp.c ****     HAL_GPIO_Init(GPIOB, &GPIO_InitStruct);
 451              		.loc 1 195 26 is_stmt 0 view .LVU113
 452 0050 0494     		str	r4, [sp, #16]
 196:Src/stm32f1xx_hal_msp.c **** 
 453              		.loc 1 196 5 is_stmt 1 view .LVU114
 454 0052 FFF7FEFF 		bl	HAL_GPIO_Init
 455              	.LVL12:
 456              		.loc 1 203 1 is_stmt 0 view .LVU115
 457 0056 07B0     		add	sp, sp, #28
 458              	.LCFI13:
 459              		.cfi_def_cfa_offset 12
 460              		@ sp needed
 461 0058 30BD     		pop	{r4, r5, pc}
 462              	.L31:
 463 005a 00BF     		.align	2
 464              	.L30:
 465 005c 00080040 		.word	1073743872
 466 0060 000C0140 		.word	1073810432
 467              		.cfi_endproc
 468              	.LFE537:
 470              		.section	.text.HAL_TIM_MspPostInit,"ax",%progbits
 471              		.align	1
 472              		.p2align 2,,3
 473              		.global	HAL_TIM_MspPostInit
 474              		.syntax unified
 475              		.thumb
 476              		.thumb_func
ARM GAS  /var/folders/20/cstyxln53wn53rr40gj353bh0000gn/T//ccQY9mQD.s 			page 14


 477              		.fpu softvfp
 479              	HAL_TIM_MspPostInit:
 480              	.LVL13:
 481              	.LFB538:
 204:Src/stm32f1xx_hal_msp.c **** 
 205:Src/stm32f1xx_hal_msp.c **** void HAL_TIM_MspPostInit(TIM_HandleTypeDef* htim)
 206:Src/stm32f1xx_hal_msp.c **** {
 482              		.loc 1 206 1 is_stmt 1 view -0
 483              		.cfi_startproc
 484              		@ args = 0, pretend = 0, frame = 24
 485              		@ frame_needed = 0, uses_anonymous_args = 0
 207:Src/stm32f1xx_hal_msp.c ****   GPIO_InitTypeDef GPIO_InitStruct = {0};
 486              		.loc 1 207 3 view .LVU117
 487              		.loc 1 207 20 is_stmt 0 view .LVU118
 488 0000 0023     		movs	r3, #0
 206:Src/stm32f1xx_hal_msp.c ****   GPIO_InitTypeDef GPIO_InitStruct = {0};
 489              		.loc 1 206 1 view .LVU119
 490 0002 30B5     		push	{r4, r5, lr}
 491              	.LCFI14:
 492              		.cfi_def_cfa_offset 12
 493              		.cfi_offset 4, -12
 494              		.cfi_offset 5, -8
 495              		.cfi_offset 14, -4
 208:Src/stm32f1xx_hal_msp.c ****   if(htim->Instance==TIM3)
 496              		.loc 1 208 5 view .LVU120
 497 0004 0168     		ldr	r1, [r0]
 498 0006 114A     		ldr	r2, .L36
 206:Src/stm32f1xx_hal_msp.c ****   GPIO_InitTypeDef GPIO_InitStruct = {0};
 499              		.loc 1 206 1 view .LVU121
 500 0008 87B0     		sub	sp, sp, #28
 501              	.LCFI15:
 502              		.cfi_def_cfa_offset 40
 503              		.loc 1 208 5 view .LVU122
 504 000a 9142     		cmp	r1, r2
 207:Src/stm32f1xx_hal_msp.c ****   GPIO_InitTypeDef GPIO_InitStruct = {0};
 505              		.loc 1 207 20 view .LVU123
 506 000c CDE90233 		strd	r3, r3, [sp, #8]
 507 0010 CDE90433 		strd	r3, r3, [sp, #16]
 508              		.loc 1 208 3 is_stmt 1 view .LVU124
 509              		.loc 1 208 5 is_stmt 0 view .LVU125
 510 0014 01D0     		beq	.L35
 209:Src/stm32f1xx_hal_msp.c ****   {
 210:Src/stm32f1xx_hal_msp.c ****   /* USER CODE BEGIN TIM3_MspPostInit 0 */
 211:Src/stm32f1xx_hal_msp.c **** 
 212:Src/stm32f1xx_hal_msp.c ****   /* USER CODE END TIM3_MspPostInit 0 */
 213:Src/stm32f1xx_hal_msp.c ****   
 214:Src/stm32f1xx_hal_msp.c ****     __HAL_RCC_GPIOA_CLK_ENABLE();
 215:Src/stm32f1xx_hal_msp.c ****     /**TIM3 GPIO Configuration    
 216:Src/stm32f1xx_hal_msp.c ****     PA6     ------> TIM3_CH1 
 217:Src/stm32f1xx_hal_msp.c ****     */
 218:Src/stm32f1xx_hal_msp.c ****     GPIO_InitStruct.Pin = TFT_LED_Pin;
 219:Src/stm32f1xx_hal_msp.c ****     GPIO_InitStruct.Mode = GPIO_MODE_AF_PP;
 220:Src/stm32f1xx_hal_msp.c ****     GPIO_InitStruct.Speed = GPIO_SPEED_FREQ_LOW;
 221:Src/stm32f1xx_hal_msp.c ****     HAL_GPIO_Init(TFT_LED_GPIO_Port, &GPIO_InitStruct);
 222:Src/stm32f1xx_hal_msp.c **** 
 223:Src/stm32f1xx_hal_msp.c ****   /* USER CODE BEGIN TIM3_MspPostInit 1 */
 224:Src/stm32f1xx_hal_msp.c **** 
ARM GAS  /var/folders/20/cstyxln53wn53rr40gj353bh0000gn/T//ccQY9mQD.s 			page 15


 225:Src/stm32f1xx_hal_msp.c ****   /* USER CODE END TIM3_MspPostInit 1 */
 226:Src/stm32f1xx_hal_msp.c ****   }
 227:Src/stm32f1xx_hal_msp.c **** 
 228:Src/stm32f1xx_hal_msp.c **** }
 511              		.loc 1 228 1 view .LVU126
 512 0016 07B0     		add	sp, sp, #28
 513              	.LCFI16:
 514              		.cfi_remember_state
 515              		.cfi_def_cfa_offset 12
 516              		@ sp needed
 517 0018 30BD     		pop	{r4, r5, pc}
 518              	.L35:
 519              	.LCFI17:
 520              		.cfi_restore_state
 214:Src/stm32f1xx_hal_msp.c ****     /**TIM3 GPIO Configuration    
 521              		.loc 1 214 5 is_stmt 1 view .LVU127
 522              	.LBB22:
 214:Src/stm32f1xx_hal_msp.c ****     /**TIM3 GPIO Configuration    
 523              		.loc 1 214 5 view .LVU128
 214:Src/stm32f1xx_hal_msp.c ****     /**TIM3 GPIO Configuration    
 524              		.loc 1 214 5 view .LVU129
 525              	.LBE22:
 219:Src/stm32f1xx_hal_msp.c ****     GPIO_InitStruct.Speed = GPIO_SPEED_FREQ_LOW;
 526              		.loc 1 219 26 is_stmt 0 view .LVU130
 527 001a 0224     		movs	r4, #2
 218:Src/stm32f1xx_hal_msp.c ****     GPIO_InitStruct.Mode = GPIO_MODE_AF_PP;
 528              		.loc 1 218 25 view .LVU131
 529 001c 4025     		movs	r5, #64
 530              	.LBB23:
 214:Src/stm32f1xx_hal_msp.c ****     /**TIM3 GPIO Configuration    
 531              		.loc 1 214 5 view .LVU132
 532 001e 03F18043 		add	r3, r3, #1073741824
 533 0022 03F50433 		add	r3, r3, #135168
 534 0026 9A69     		ldr	r2, [r3, #24]
 535              	.LBE23:
 221:Src/stm32f1xx_hal_msp.c **** 
 536              		.loc 1 221 5 view .LVU133
 537 0028 02A9     		add	r1, sp, #8
 538              	.LBB24:
 214:Src/stm32f1xx_hal_msp.c ****     /**TIM3 GPIO Configuration    
 539              		.loc 1 214 5 view .LVU134
 540 002a 42F00402 		orr	r2, r2, #4
 541 002e 9A61     		str	r2, [r3, #24]
 214:Src/stm32f1xx_hal_msp.c ****     /**TIM3 GPIO Configuration    
 542              		.loc 1 214 5 is_stmt 1 view .LVU135
 543 0030 9B69     		ldr	r3, [r3, #24]
 544              	.LBE24:
 221:Src/stm32f1xx_hal_msp.c **** 
 545              		.loc 1 221 5 is_stmt 0 view .LVU136
 546 0032 0748     		ldr	r0, .L36+4
 547              	.LVL14:
 548              	.LBB25:
 214:Src/stm32f1xx_hal_msp.c ****     /**TIM3 GPIO Configuration    
 549              		.loc 1 214 5 view .LVU137
 550 0034 03F00403 		and	r3, r3, #4
 551 0038 0193     		str	r3, [sp, #4]
 214:Src/stm32f1xx_hal_msp.c ****     /**TIM3 GPIO Configuration    
ARM GAS  /var/folders/20/cstyxln53wn53rr40gj353bh0000gn/T//ccQY9mQD.s 			page 16


 552              		.loc 1 214 5 is_stmt 1 view .LVU138
 553              	.LBE25:
 218:Src/stm32f1xx_hal_msp.c ****     GPIO_InitStruct.Mode = GPIO_MODE_AF_PP;
 554              		.loc 1 218 25 is_stmt 0 view .LVU139
 555 003a 0295     		str	r5, [sp, #8]
 556              	.LBB26:
 214:Src/stm32f1xx_hal_msp.c ****     /**TIM3 GPIO Configuration    
 557              		.loc 1 214 5 view .LVU140
 558 003c 019B     		ldr	r3, [sp, #4]
 559              	.LBE26:
 218:Src/stm32f1xx_hal_msp.c ****     GPIO_InitStruct.Mode = GPIO_MODE_AF_PP;
 560              		.loc 1 218 5 is_stmt 1 view .LVU141
 219:Src/stm32f1xx_hal_msp.c ****     GPIO_InitStruct.Speed = GPIO_SPEED_FREQ_LOW;
 561              		.loc 1 219 5 view .LVU142
 219:Src/stm32f1xx_hal_msp.c ****     GPIO_InitStruct.Speed = GPIO_SPEED_FREQ_LOW;
 562              		.loc 1 219 26 is_stmt 0 view .LVU143
 563 003e 0394     		str	r4, [sp, #12]
 220:Src/stm32f1xx_hal_msp.c ****     HAL_GPIO_Init(TFT_LED_GPIO_Port, &GPIO_InitStruct);
 564              		.loc 1 220 5 is_stmt 1 view .LVU144
 220:Src/stm32f1xx_hal_msp.c ****     HAL_GPIO_Init(TFT_LED_GPIO_Port, &GPIO_InitStruct);
 565              		.loc 1 220 27 is_stmt 0 view .LVU145
 566 0040 0594     		str	r4, [sp, #20]
 221:Src/stm32f1xx_hal_msp.c **** 
 567              		.loc 1 221 5 is_stmt 1 view .LVU146
 568 0042 FFF7FEFF 		bl	HAL_GPIO_Init
 569              	.LVL15:
 570              		.loc 1 228 1 is_stmt 0 view .LVU147
 571 0046 07B0     		add	sp, sp, #28
 572              	.LCFI18:
 573              		.cfi_def_cfa_offset 12
 574              		@ sp needed
 575 0048 30BD     		pop	{r4, r5, pc}
 576              	.L37:
 577 004a 00BF     		.align	2
 578              	.L36:
 579 004c 00040040 		.word	1073742848
 580 0050 00080140 		.word	1073809408
 581              		.cfi_endproc
 582              	.LFE538:
 584              		.section	.text.HAL_TIM_PWM_MspDeInit,"ax",%progbits
 585              		.align	1
 586              		.p2align 2,,3
 587              		.global	HAL_TIM_PWM_MspDeInit
 588              		.syntax unified
 589              		.thumb
 590              		.thumb_func
 591              		.fpu softvfp
 593              	HAL_TIM_PWM_MspDeInit:
 594              	.LVL16:
 595              	.LFB539:
 229:Src/stm32f1xx_hal_msp.c **** /**
 230:Src/stm32f1xx_hal_msp.c **** * @brief TIM_PWM MSP De-Initialization
 231:Src/stm32f1xx_hal_msp.c **** * This function freeze the hardware resources used in this example
 232:Src/stm32f1xx_hal_msp.c **** * @param htim_pwm: TIM_PWM handle pointer
 233:Src/stm32f1xx_hal_msp.c **** * @retval None
 234:Src/stm32f1xx_hal_msp.c **** */
 235:Src/stm32f1xx_hal_msp.c **** void HAL_TIM_PWM_MspDeInit(TIM_HandleTypeDef* htim_pwm)
ARM GAS  /var/folders/20/cstyxln53wn53rr40gj353bh0000gn/T//ccQY9mQD.s 			page 17


 236:Src/stm32f1xx_hal_msp.c **** {
 596              		.loc 1 236 1 is_stmt 1 view -0
 597              		.cfi_startproc
 598              		@ args = 0, pretend = 0, frame = 0
 599              		@ frame_needed = 0, uses_anonymous_args = 0
 600              		@ link register save eliminated.
 237:Src/stm32f1xx_hal_msp.c ****   if(htim_pwm->Instance==TIM3)
 601              		.loc 1 237 3 view .LVU149
 602              		.loc 1 237 5 is_stmt 0 view .LVU150
 603 0000 0268     		ldr	r2, [r0]
 604 0002 054B     		ldr	r3, .L41
 605 0004 9A42     		cmp	r2, r3
 606 0006 00D0     		beq	.L40
 238:Src/stm32f1xx_hal_msp.c ****   {
 239:Src/stm32f1xx_hal_msp.c ****   /* USER CODE BEGIN TIM3_MspDeInit 0 */
 240:Src/stm32f1xx_hal_msp.c **** 
 241:Src/stm32f1xx_hal_msp.c ****   /* USER CODE END TIM3_MspDeInit 0 */
 242:Src/stm32f1xx_hal_msp.c ****     /* Peripheral clock disable */
 243:Src/stm32f1xx_hal_msp.c ****     __HAL_RCC_TIM3_CLK_DISABLE();
 244:Src/stm32f1xx_hal_msp.c ****   /* USER CODE BEGIN TIM3_MspDeInit 1 */
 245:Src/stm32f1xx_hal_msp.c **** 
 246:Src/stm32f1xx_hal_msp.c ****   /* USER CODE END TIM3_MspDeInit 1 */
 247:Src/stm32f1xx_hal_msp.c ****   }
 248:Src/stm32f1xx_hal_msp.c **** 
 249:Src/stm32f1xx_hal_msp.c **** }
 607              		.loc 1 249 1 view .LVU151
 608 0008 7047     		bx	lr
 609              	.L40:
 243:Src/stm32f1xx_hal_msp.c ****   /* USER CODE BEGIN TIM3_MspDeInit 1 */
 610              		.loc 1 243 5 is_stmt 1 view .LVU152
 611 000a 044A     		ldr	r2, .L41+4
 612 000c D369     		ldr	r3, [r2, #28]
 613 000e 23F00203 		bic	r3, r3, #2
 614 0012 D361     		str	r3, [r2, #28]
 615              		.loc 1 249 1 is_stmt 0 view .LVU153
 616 0014 7047     		bx	lr
 617              	.L42:
 618 0016 00BF     		.align	2
 619              	.L41:
 620 0018 00040040 		.word	1073742848
 621 001c 00100240 		.word	1073876992
 622              		.cfi_endproc
 623              	.LFE539:
 625              		.section	.text.HAL_TIM_Encoder_MspDeInit,"ax",%progbits
 626              		.align	1
 627              		.p2align 2,,3
 628              		.global	HAL_TIM_Encoder_MspDeInit
 629              		.syntax unified
 630              		.thumb
 631              		.thumb_func
 632              		.fpu softvfp
 634              	HAL_TIM_Encoder_MspDeInit:
 635              	.LVL17:
 636              	.LFB540:
 250:Src/stm32f1xx_hal_msp.c **** 
 251:Src/stm32f1xx_hal_msp.c **** /**
 252:Src/stm32f1xx_hal_msp.c **** * @brief TIM_Encoder MSP De-Initialization
ARM GAS  /var/folders/20/cstyxln53wn53rr40gj353bh0000gn/T//ccQY9mQD.s 			page 18


 253:Src/stm32f1xx_hal_msp.c **** * This function freeze the hardware resources used in this example
 254:Src/stm32f1xx_hal_msp.c **** * @param htim_encoder: TIM_Encoder handle pointer
 255:Src/stm32f1xx_hal_msp.c **** * @retval None
 256:Src/stm32f1xx_hal_msp.c **** */
 257:Src/stm32f1xx_hal_msp.c **** void HAL_TIM_Encoder_MspDeInit(TIM_HandleTypeDef* htim_encoder)
 258:Src/stm32f1xx_hal_msp.c **** {
 637              		.loc 1 258 1 is_stmt 1 view -0
 638              		.cfi_startproc
 639              		@ args = 0, pretend = 0, frame = 0
 640              		@ frame_needed = 0, uses_anonymous_args = 0
 641              		@ link register save eliminated.
 259:Src/stm32f1xx_hal_msp.c ****   if(htim_encoder->Instance==TIM4)
 642              		.loc 1 259 3 view .LVU155
 643              		.loc 1 259 5 is_stmt 0 view .LVU156
 644 0000 0268     		ldr	r2, [r0]
 645 0002 064B     		ldr	r3, .L46
 646 0004 9A42     		cmp	r2, r3
 647 0006 00D0     		beq	.L45
 260:Src/stm32f1xx_hal_msp.c ****   {
 261:Src/stm32f1xx_hal_msp.c ****   /* USER CODE BEGIN TIM4_MspDeInit 0 */
 262:Src/stm32f1xx_hal_msp.c **** 
 263:Src/stm32f1xx_hal_msp.c ****   /* USER CODE END TIM4_MspDeInit 0 */
 264:Src/stm32f1xx_hal_msp.c ****     /* Peripheral clock disable */
 265:Src/stm32f1xx_hal_msp.c ****     __HAL_RCC_TIM4_CLK_DISABLE();
 266:Src/stm32f1xx_hal_msp.c ****   
 267:Src/stm32f1xx_hal_msp.c ****     /**TIM4 GPIO Configuration    
 268:Src/stm32f1xx_hal_msp.c ****     PB6     ------> TIM4_CH1
 269:Src/stm32f1xx_hal_msp.c ****     PB7     ------> TIM4_CH2 
 270:Src/stm32f1xx_hal_msp.c ****     */
 271:Src/stm32f1xx_hal_msp.c ****     HAL_GPIO_DeInit(GPIOB, ENC1_Pin|ENC2_Pin);
 272:Src/stm32f1xx_hal_msp.c **** 
 273:Src/stm32f1xx_hal_msp.c ****   /* USER CODE BEGIN TIM4_MspDeInit 1 */
 274:Src/stm32f1xx_hal_msp.c **** 
 275:Src/stm32f1xx_hal_msp.c ****   /* USER CODE END TIM4_MspDeInit 1 */
 276:Src/stm32f1xx_hal_msp.c ****   }
 277:Src/stm32f1xx_hal_msp.c **** 
 278:Src/stm32f1xx_hal_msp.c **** }
 648              		.loc 1 278 1 view .LVU157
 649 0008 7047     		bx	lr
 650              	.L45:
 265:Src/stm32f1xx_hal_msp.c ****   
 651              		.loc 1 265 5 is_stmt 1 view .LVU158
 652 000a 054A     		ldr	r2, .L46+4
 271:Src/stm32f1xx_hal_msp.c **** 
 653              		.loc 1 271 5 is_stmt 0 view .LVU159
 654 000c C021     		movs	r1, #192
 265:Src/stm32f1xx_hal_msp.c ****   
 655              		.loc 1 265 5 view .LVU160
 656 000e D369     		ldr	r3, [r2, #28]
 271:Src/stm32f1xx_hal_msp.c **** 
 657              		.loc 1 271 5 view .LVU161
 658 0010 0448     		ldr	r0, .L46+8
 659              	.LVL18:
 265:Src/stm32f1xx_hal_msp.c ****   
 660              		.loc 1 265 5 view .LVU162
 661 0012 23F00403 		bic	r3, r3, #4
 662 0016 D361     		str	r3, [r2, #28]
ARM GAS  /var/folders/20/cstyxln53wn53rr40gj353bh0000gn/T//ccQY9mQD.s 			page 19


 271:Src/stm32f1xx_hal_msp.c **** 
 663              		.loc 1 271 5 is_stmt 1 view .LVU163
 664 0018 FFF7FEBF 		b	HAL_GPIO_DeInit
 665              	.LVL19:
 666              	.L47:
 667              		.align	2
 668              	.L46:
 669 001c 00080040 		.word	1073743872
 670 0020 00100240 		.word	1073876992
 671 0024 000C0140 		.word	1073810432
 672              		.cfi_endproc
 673              	.LFE540:
 675              		.text
 676              	.Letext0:
 677              		.file 2 "/usr/local/gcc-arm-none-eabi-8-2019-q3-update/arm-none-eabi/include/machine/_default_type
 678              		.file 3 "/usr/local/gcc-arm-none-eabi-8-2019-q3-update/arm-none-eabi/include/sys/_stdint.h"
 679              		.file 4 "Drivers/CMSIS/Include/core_cm3.h"
 680              		.file 5 "Drivers/CMSIS/Device/ST/STM32F1xx/Include/system_stm32f1xx.h"
 681              		.file 6 "Drivers/CMSIS/Device/ST/STM32F1xx/Include/stm32f103xb.h"
 682              		.file 7 "Drivers/STM32F1xx_HAL_Driver/Inc/stm32f1xx_hal_def.h"
 683              		.file 8 "Drivers/STM32F1xx_HAL_Driver/Inc/stm32f1xx_hal_gpio.h"
 684              		.file 9 "Drivers/STM32F1xx_HAL_Driver/Inc/stm32f1xx_hal_dma.h"
 685              		.file 10 "Drivers/STM32F1xx_HAL_Driver/Inc/stm32f1xx_hal_i2c.h"
 686              		.file 11 "Drivers/STM32F1xx_HAL_Driver/Inc/stm32f1xx_hal_tim.h"
 687              		.file 12 "Drivers/STM32F1xx_HAL_Driver/Inc/stm32f1xx_hal.h"
 688              		.file 13 "Drivers/STM32F1xx_HAL_Driver/Inc/stm32f1xx_ll_dma.h"
ARM GAS  /var/folders/20/cstyxln53wn53rr40gj353bh0000gn/T//ccQY9mQD.s 			page 20


DEFINED SYMBOLS
                            *ABS*:0000000000000000 stm32f1xx_hal_msp.c
/var/folders/20/cstyxln53wn53rr40gj353bh0000gn/T//ccQY9mQD.s:16     .text.HAL_MspInit:0000000000000000 $t
/var/folders/20/cstyxln53wn53rr40gj353bh0000gn/T//ccQY9mQD.s:25     .text.HAL_MspInit:0000000000000000 HAL_MspInit
/var/folders/20/cstyxln53wn53rr40gj353bh0000gn/T//ccQY9mQD.s:99     .text.HAL_MspInit:000000000000003c $d
/var/folders/20/cstyxln53wn53rr40gj353bh0000gn/T//ccQY9mQD.s:105    .text.HAL_I2C_MspInit:0000000000000000 $t
/var/folders/20/cstyxln53wn53rr40gj353bh0000gn/T//ccQY9mQD.s:113    .text.HAL_I2C_MspInit:0000000000000000 HAL_I2C_MspInit
/var/folders/20/cstyxln53wn53rr40gj353bh0000gn/T//ccQY9mQD.s:228    .text.HAL_I2C_MspInit:000000000000005c $d
/var/folders/20/cstyxln53wn53rr40gj353bh0000gn/T//ccQY9mQD.s:235    .text.HAL_I2C_MspDeInit:0000000000000000 $t
/var/folders/20/cstyxln53wn53rr40gj353bh0000gn/T//ccQY9mQD.s:243    .text.HAL_I2C_MspDeInit:0000000000000000 HAL_I2C_MspDeInit
/var/folders/20/cstyxln53wn53rr40gj353bh0000gn/T//ccQY9mQD.s:278    .text.HAL_I2C_MspDeInit:0000000000000020 $d
/var/folders/20/cstyxln53wn53rr40gj353bh0000gn/T//ccQY9mQD.s:285    .text.HAL_TIM_PWM_MspInit:0000000000000000 $t
/var/folders/20/cstyxln53wn53rr40gj353bh0000gn/T//ccQY9mQD.s:293    .text.HAL_TIM_PWM_MspInit:0000000000000000 HAL_TIM_PWM_MspInit
/var/folders/20/cstyxln53wn53rr40gj353bh0000gn/T//ccQY9mQD.s:340    .text.HAL_TIM_PWM_MspInit:0000000000000028 $d
/var/folders/20/cstyxln53wn53rr40gj353bh0000gn/T//ccQY9mQD.s:345    .text.HAL_TIM_Encoder_MspInit:0000000000000000 $t
/var/folders/20/cstyxln53wn53rr40gj353bh0000gn/T//ccQY9mQD.s:353    .text.HAL_TIM_Encoder_MspInit:0000000000000000 HAL_TIM_Encoder_MspInit
/var/folders/20/cstyxln53wn53rr40gj353bh0000gn/T//ccQY9mQD.s:465    .text.HAL_TIM_Encoder_MspInit:000000000000005c $d
/var/folders/20/cstyxln53wn53rr40gj353bh0000gn/T//ccQY9mQD.s:471    .text.HAL_TIM_MspPostInit:0000000000000000 $t
/var/folders/20/cstyxln53wn53rr40gj353bh0000gn/T//ccQY9mQD.s:479    .text.HAL_TIM_MspPostInit:0000000000000000 HAL_TIM_MspPostInit
/var/folders/20/cstyxln53wn53rr40gj353bh0000gn/T//ccQY9mQD.s:579    .text.HAL_TIM_MspPostInit:000000000000004c $d
/var/folders/20/cstyxln53wn53rr40gj353bh0000gn/T//ccQY9mQD.s:585    .text.HAL_TIM_PWM_MspDeInit:0000000000000000 $t
/var/folders/20/cstyxln53wn53rr40gj353bh0000gn/T//ccQY9mQD.s:593    .text.HAL_TIM_PWM_MspDeInit:0000000000000000 HAL_TIM_PWM_MspDeInit
/var/folders/20/cstyxln53wn53rr40gj353bh0000gn/T//ccQY9mQD.s:620    .text.HAL_TIM_PWM_MspDeInit:0000000000000018 $d
/var/folders/20/cstyxln53wn53rr40gj353bh0000gn/T//ccQY9mQD.s:626    .text.HAL_TIM_Encoder_MspDeInit:0000000000000000 $t
/var/folders/20/cstyxln53wn53rr40gj353bh0000gn/T//ccQY9mQD.s:634    .text.HAL_TIM_Encoder_MspDeInit:0000000000000000 HAL_TIM_Encoder_MspDeInit
/var/folders/20/cstyxln53wn53rr40gj353bh0000gn/T//ccQY9mQD.s:669    .text.HAL_TIM_Encoder_MspDeInit:000000000000001c $d

UNDEFINED SYMBOLS
HAL_GPIO_Init
HAL_GPIO_DeInit
